<?xml version="1.0" encoding="UTF-8"?>
<!-- Generated by org.testng.reporters.JUnitXMLReporter -->
<testsuite ignored="5" hostname="IMS-HP240G9-012" failures="0" tests="3" name="groupingtests" time="0.053" errors="0" timestamp="2025-02-24T13:58:43 IST">
  <testcase classname="testNGPractice.SignupGrouping1" name="signupByEmail" time="0.012"/>
  <testcase classname="testNGPractice.SignupGrouping1" name="signupByFb" time="0.002"/>
  <testcase classname="testNGPractice.SignupGrouping1" name="signupBytwitter" time="0.002"/>
  <testcase classname="testNGPractice.LoginGrouping" name="loginByFb" time="0.0">
    <ignored/>
  </testcase> <!-- loginByFb -->
  <testcase classname="testNGPractice.LoginGrouping" name="loginByEmail" time="0.0">
    <ignored/>
  </testcase> <!-- loginByEmail -->
  <testcase classname="testNGPractice.PaymentGrouping" name="paymentinDoller" time="0.0">
    <ignored/>
  </testcase> <!-- paymentinDoller -->
  <testcase classname="testNGPractice.LoginGrouping" name="loginBytwitter" time="0.0">
    <ignored/>
  </testcase> <!-- loginBytwitter -->
  <testcase classname="testNGPractice.PaymentGrouping" name="paymentinRupees" time="0.0">
    <ignored/>
  </testcase> <!-- paymentinRupees -->
</testsuite> <!-- groupingtests -->
