<?xml version="1.0" encoding="UTF-8"?>
<testng-results ignored="0" total="1" passed="1" failed="0" skipped="0">
  <reporter-output>
  </reporter-output>
  <suite started-at="2025-02-25T18:33:53 IST" name="Default suite" finished-at="2025-02-25T18:34:01 IST" duration-ms="8229">
    <groups>
    </groups>
    <test started-at="2025-02-25T18:33:53 IST" name="Default test" finished-at="2025-02-25T18:34:01 IST" duration-ms="8229">
      <class name="pomPack.TestClass">
        <test-method is-config="true" signature="setup()[pri:0, instance:pomPack.TestClass@4c583ecf]" started-at="2025-02-25T18:33:53 IST" name="setup" finished-at="2025-02-25T18:33:59 IST" duration-ms="6057" status="PASS">
          <reporter-output>
          </reporter-output>
        </test-method> <!-- setup -->
        <test-method signature="testLogin()[pri:0, instance:pomPack.TestClass@4c583ecf]" started-at="2025-02-25T18:33:59 IST" name="testLogin" finished-at="2025-02-25T18:34:01 IST" duration-ms="1746" status="PASS">
          <reporter-output>
          </reporter-output>
        </test-method> <!-- testLogin -->
        <test-method is-config="true" signature="tearDown()[pri:0, instance:pomPack.TestClass@4c583ecf]" started-at="2025-02-25T18:34:01 IST" name="tearDown" finished-at="2025-02-25T18:34:01 IST" duration-ms="396" status="PASS">
          <reporter-output>
          </reporter-output>
        </test-method> <!-- tearDown -->
      </class> <!-- pomPack.TestClass -->
    </test> <!-- Default test -->
  </suite> <!-- Default suite -->
</testng-results>
