<?xml version="1.0" encoding="UTF-8"?>
<testng-results ignored="0" total="1" passed="1" failed="0" skipped="0">
  <reporter-output>
  </reporter-output>
  <suite started-at="2025-02-24T19:47:28 IST" name="Suite" finished-at="2025-02-24T19:47:36 IST" duration-ms="7348">
    <groups>
    </groups>
    <test started-at="2025-02-24T19:47:28 IST" name="Test" finished-at="2025-02-24T19:47:36 IST" duration-ms="7348">
      <class name="pomPack.TestClass">
        <test-method is-config="true" signature="setup()[pri:0, instance:pomPack.TestClass@7cc0cdad]" started-at="2025-02-24T19:47:28 IST" name="setup" finished-at="2025-02-24T19:47:33 IST" duration-ms="5098" status="PASS">
          <reporter-output>
          </reporter-output>
        </test-method> <!-- setup -->
        <test-method signature="testLogin()[pri:0, instance:pomPack.TestClass@7cc0cdad]" started-at="2025-02-24T19:47:33 IST" name="testLogin" finished-at="2025-02-24T19:47:35 IST" duration-ms="1823" status="PASS">
          <reporter-output>
          </reporter-output>
        </test-method> <!-- testLogin -->
        <test-method is-config="true" signature="tearDown()[pri:0, instance:pomPack.TestClass@7cc0cdad]" started-at="2025-02-24T19:47:35 IST" name="tearDown" finished-at="2025-02-24T19:47:36 IST" duration-ms="401" status="PASS">
          <reporter-output>
          </reporter-output>
        </test-method> <!-- tearDown -->
      </class> <!-- pomPack.TestClass -->
    </test> <!-- Test -->
  </suite> <!-- Suite -->
</testng-results>
